<?xml version="1.0" encoding="UTF-8"?>
<!-- Generated by org.testng.reporters.JUnitReportReporter -->
<testsuite hostname="LAPTOP-1826LOER" failures="0" tests="6" name="com.acti.testcase.LoginPageTest" time="36.299" errors="0" timestamp="2023-04-15T06:40:35 IST" skipped="4">
  <testcase classname="com.acti.testcase.LoginPageTest" name="testLoginInvalid" time="17.329"/>
  <system-out/>
  <testcase classname="com.acti.testcase.LoginPageTest" name="testLoginInvalid" time="18.970"/>
  <system-out/>
  <testcase classname="com.acti.testcase.LoginPageTest" name="testActiLinkDisplayed">
    <skipped/>
  </testcase> <!-- testActiLinkDisplayed -->
  <system-out/>
  <testcase classname="com.acti.testcase.LoginPageTest" name="testActiLogoDisplayed">
    <skipped/>
  </testcase> <!-- testActiLogoDisplayed -->
  <system-out/>
  <testcase classname="com.acti.testcase.LoginPageTest" name="testLoginPageTitle">
    <skipped/>
  </testcase> <!-- testLoginPageTitle -->
  <system-out/>
  <testcase classname="com.acti.testcase.LoginPageTest" name="testLoginFunction">
    <skipped/>
  </testcase> <!-- testLoginFunction -->
  <system-out/>
</testsuite> <!-- com.acti.testcase.LoginPageTest -->
